<?xml version="1.0" encoding="UTF-8"?>
<!-- Generated by org.testng.reporters.JUnitXMLReporter -->
<testsuite hostname="DESKTOP-26LASGN" ignored="0" name="Command line test" tests="2" failures="0" timestamp="13 Feb 2022 18:20:57 GMT" time="0.172" errors="0">
  <testcase name="@BeforeMethod setUp" time="0.1" classname="test.LoginPageTest">
    <failure type="java.lang.IllegalStateException" message="The driver executable does not exist: C:\Users\admin\June2021_BDD\jenkins\.\drivers\chromedriver98.exe">
      <![CDATA[java.lang.IllegalStateException: The driver executable does not exist: C:\Users\admin\June2021_BDD\jenkins\.\drivers\chromedriver98.exe
at com.google.common.base.Preconditions.checkState(Preconditions.java:585)
at org.openqa.selenium.remote.service.DriverService.checkExecutable(DriverService.java:137)
at org.openqa.selenium.remote.service.DriverService.findExecutable(DriverService.java:132)
at org.openqa.selenium.chrome.ChromeDriverService.access$000(ChromeDriverService.java:35)
at org.openqa.selenium.chrome.ChromeDriverService$Builder.findDefaultExecutable(ChromeDriverService.java:156)
at org.openqa.selenium.remote.service.DriverService$Builder.build(DriverService.java:346)
at org.openqa.selenium.chrome.ChromeDriverService.createDefaultService(ChromeDriverService.java:91)
at org.openqa.selenium.chrome.ChromeDriver.<init>(ChromeDriver.java:123)
at pages.TestBase.initDriver(TestBase.java:21)
at test.LoginPageTest.setUp(LoginPageTest.java:16)
... Removed 37 stack frames]]>
    </failure>
  </testcase> <!-- @BeforeMethod setUp -->
  <testcase name="@BeforeMethod setUp" time="0.0" classname="test.LoginPageTest">
    <skipped/>
  </testcase> <!-- @BeforeMethod setUp -->
  <testcase name="loginTest" time="0.0" classname="test.LoginPageTest">
    <skipped/>
  </testcase> <!-- loginTest -->
  <testcase name="pageTitleTest" time="0.0" classname="test.LoginPageTest">
    <skipped/>
  </testcase> <!-- pageTitleTest -->
</testsuite> <!-- Command line test -->
