-------------------------------------------------------------------------------
Test set: test.LoginPageTest
-------------------------------------------------------------------------------
Tests run: 4, Failures: 1, Errors: 0, Skipped: 3, Time elapsed: 1.125 sec <<< FAILURE!
setUp(test.LoginPageTest)  Time elapsed: 0.954 sec  <<< FAILURE!
java.lang.IllegalStateException: The driver executable does not exist: C:\Users\admin\June2021_BDD\jenkins\.\drivers\chromedriver98.exe
	at com.google.common.base.Preconditions.checkState(Preconditions.java:585)
	at org.openqa.selenium.remote.service.DriverService.checkExecutable(DriverService.java:137)
	at org.openqa.selenium.remote.service.DriverService.findExecutable(DriverService.java:132)
	at org.openqa.selenium.chrome.ChromeDriverService.access$000(ChromeDriverService.java:35)
	at org.openqa.selenium.chrome.ChromeDriverService$Builder.findDefaultExecutable(ChromeDriverService.java:156)
	at org.openqa.selenium.remote.service.DriverService$Builder.build(DriverService.java:346)
	at org.openqa.selenium.chrome.ChromeDriverService.createDefaultService(ChromeDriverService.java:91)
	at org.openqa.selenium.chrome.ChromeDriver.<init>(ChromeDriver.java:123)
	at pages.TestBase.initDriver(TestBase.java:21)
	at test.LoginPageTest.setUp(LoginPageTest.java:16)

